<?xml version="1.0" encoding="UTF-8"?>
<!-- Generated by org.testng.reporters.JUnitReportReporter -->
<testsuite hostname="Samweks-MacBook-Air.local" failures="0" tests="2" name="merchant.FAQs" time="18.553" errors="0" timestamp="2025-03-09T10:39:33 NPT" skipped="0">
  <testcase classname="merchant.FAQs" name="faqmenu" time="9.480"/>
  <system-out/>
  <testcase classname="merchant.FAQs" name="tutorialsmenu" time="9.073"/>
  <system-out/>
</testsuite> <!-- merchant.FAQs -->
