<?xml version="1.0" encoding="UTF-8"?>
<!-- Generated by org.testng.reporters.JUnitReportReporter -->
<testsuite hostname="Samweks-MacBook-Air.local" failures="0" tests="1" name="merchant.TransactionTest" time="16.567" errors="0" timestamp="2025-03-09T10:39:33 NPT" skipped="0">
  <testcase classname="merchant.TransactionTest" name="transaction" time="16.567"/>
  <system-out/>
</testsuite> <!-- merchant.TransactionTest -->
