<?xml version="1.0" encoding="UTF-8"?>
<!-- Generated by org.testng.reporters.JUnitReportReporter -->
<testsuite hostname="Samweks-MacBook-Air.local" failures="0" tests="1" name="merchant.ActivityLog" time="8.309" errors="0" timestamp="2025-03-09T10:39:33 NPT" skipped="0">
  <testcase classname="merchant.ActivityLog" name="search" time="8.309"/>
  <system-out/>
</testsuite> <!-- merchant.ActivityLog -->
