<?xml version="1.0" encoding="UTF-8"?>
<!-- Generated by org.testng.reporters.JUnitReportReporter -->
<testsuite hostname="Samweks-MacBook-Air.local" failures="0" tests="5" name="merchant.DashboardTest" time="8.877" errors="0" timestamp="2025-03-09T10:39:33 NPT" skipped="0">
  <testcase classname="merchant.DashboardTest" name="testDashboardLoad" time="0.025"/>
  <system-out/>
  <testcase classname="merchant.DashboardTest" name="testGenerateDynamicQR" time="8.373"/>
  <system-out/>
  <testcase classname="merchant.DashboardTest" name="testLatestTransactionSummary" time="0.014"/>
  <system-out/>
  <testcase classname="merchant.DashboardTest" name="refresh" time="0.043"/>
  <system-out/>
  <testcase classname="merchant.DashboardTest" name="testAnnouncementsDisplay" time="0.422"/>
  <system-out/>
</testsuite> <!-- merchant.DashboardTest -->
