<?xml version="1.0" encoding="UTF-8"?>
<!-- Generated by org.testng.reporters.JUnitReportReporter -->
<testsuite hostname="Samweks-MacBook-Air.local" failures="0" tests="1" name="merchant.QRDownload" time="20.283" errors="0" timestamp="2025-03-09T10:39:33 NPT" skipped="0">
  <testcase classname="merchant.QRDownload" name="qrMenu" time="20.283"/>
  <system-out/>
</testsuite> <!-- merchant.QRDownload -->
