<?xml version="1.0" encoding="UTF-8"?>
<!-- Generated by org.testng.reporters.JUnitReportReporter -->
<testsuite hostname="Samweks-MacBook-Air.local" failures="0" tests="3" name="merchant.LoginTest" time="30.184" errors="0" timestamp="2025-03-09T10:39:33 NPT" skipped="0">
  <testcase classname="merchant.LoginTest" name="ValidLoginTest" time="11.645"/>
  <system-out/>
  <testcase classname="merchant.LoginTest" name="testInvalidLogin" time="8.162"/>
  <system-out/>
  <testcase classname="merchant.LoginTest" name="testForgotPINRedirection" time="10.377"/>
  <system-out/>
</testsuite> <!-- merchant.LoginTest -->
